<?xml version="1.0" encoding="UTF-8"?>
<!-- Generated by org.testng.reporters.JUnitXMLReporter -->
<testsuite ignored="0" hostname="SASI-laptop" failures="1" tests="1" name="Cucumber Feature Tests" time="0.934" errors="0" timestamp="2025-09-08T15:54:51 IST">
  <testcase classname="io.cucumber.testng.AbstractTestNGCucumberTests" name="runScenario" time="0.06">
    <failure type="org.testng.TestNGException" message="java.util.concurrent.ExecutionException: java.lang.NullPointerException: Cannot invoke &amp;quot;com.aventstack.extentreports.ExtentTest.createNode(String)&amp;quot; because the return value of &amp;quot;java.lang.ThreadLocal.get()&amp;quot; is null">
      <![CDATA[org.testng.TestNGException: java.util.concurrent.ExecutionException: java.lang.NullPointerException: Cannot invoke "com.aventstack.extentreports.ExtentTest.createNode(String)" because the return value of "java.lang.ThreadLocal.get()" is null
at java.base/java.util.ArrayList.forEach(ArrayList.java:1596)
at java.base/java.util.concurrent.FutureTask.run(FutureTask.java:317)
at java.base/java.util.concurrent.ThreadPoolExecutor.runWorker(ThreadPoolExecutor.java:1144)
at java.base/java.util.concurrent.ThreadPoolExecutor$Worker.run(ThreadPoolExecutor.java:642)
at java.base/java.lang.Thread.run(Thread.java:1583)
Caused by: java.util.concurrent.ExecutionException: java.lang.NullPointerException: Cannot invoke "com.aventstack.extentreports.ExtentTest.createNode(String)" because the return value of "java.lang.ThreadLocal.get()" is null
at java.base/java.util.concurrent.FutureTask.report(FutureTask.java:122)
at java.base/java.util.concurrent.FutureTask.get(FutureTask.java:191)
... 15 more
Caused by: java.lang.NullPointerException: Cannot invoke "com.aventstack.extentreports.ExtentTest.createNode(String)" because the return value of "java.lang.ThreadLocal.get()" is null
at com.aventstack.extentreports.service.ExtentTestManager.createMethod(ExtentTestManager.java:53)
at com.aventstack.extentreports.service.ExtentTestManager.log(ExtentTestManager.java:110)
at com.aventstack.extentreports.testng.listener.ExtentITestListenerClassAdapter.onTestFailure(ExtentITestListenerClassAdapter.java:35)
at java.base/java.util.concurrent.FutureTask.run(FutureTask.java:317)
at java.base/java.util.concurrent.Executors$RunnableAdapter.call(Executors.java:572)
... 4 more
... Removed 18 stack frames]]>
    </failure>
  </testcase> <!-- runScenario -->
</testsuite> <!-- Cucumber Feature Tests -->
